{"C:\\Users\\Django\\CascadeProjects\\windsurf-project-2\\whisper-transcriber\\config\\index.js": {"path":"C:\\Users\\Django\\CascadeProjects\\windsurf-project-2\\whisper-transcriber\\config\\index.js","statementMap":{"0":{"start":{"line":1,"column":0},"end":{"line":1,"column":27}},"1":{"start":{"line":10,"column":4},"end":{"line":10,"column":28}},"2":{"start":{"line":11,"column":4},"end":{"line":11,"column":22}},"3":{"start":{"line":18,"column":21},"end":{"line":18,"column":39}},"4":{"start":{"line":19,"column":20},"end":{"line":19,"column":61}},"5":{"start":{"line":19,"column":43},"end":{"line":19,"column":60}},"6":{"start":{"line":21,"column":4},"end":{"line":23,"column":5}},"7":{"start":{"line":22,"column":6},"end":{"line":22,"column":87}},"8":{"start":{"line":30,"column":4},"end":{"line":34,"column":6}},"9":{"start":{"line":36,"column":4},"end":{"line":41,"column":6}},"10":{"start":{"line":43,"column":4},"end":{"line":54,"column":6}},"11":{"start":{"line":56,"column":4},"end":{"line":59,"column":6}},"12":{"start":{"line":61,"column":4},"end":{"line":63,"column":6}},"13":{"start":{"line":65,"column":4},"end":{"line":68,"column":6}},"14":{"start":{"line":75,"column":4},"end":{"line":75,"column":45}},"15":{"start":{"line":82,"column":4},"end":{"line":82,"column":44}},"16":{"start":{"line":89,"column":4},"end":{"line":89,"column":38}},"17":{"start":{"line":94,"column":0},"end":{"line":94,"column":30}}},"fnMap":{"0":{"name":"(anonymous_0)","decl":{"start":{"line":9,"column":2},"end":{"line":9,"column":3}},"loc":{"start":{"line":9,"column":16},"end":{"line":12,"column":3}},"line":9},"1":{"name":"(anonymous_1)","decl":{"start":{"line":17,"column":2},"end":{"line":17,"column":3}},"loc":{"start":{"line":17,"column":21},"end":{"line":24,"column":3}},"line":17},"2":{"name":"(anonymous_2)","decl":{"start":{"line":19,"column":36},"end":{"line":19,"column":37}},"loc":{"start":{"line":19,"column":43},"end":{"line":19,"column":60}},"line":19},"3":{"name":"(anonymous_3)","decl":{"start":{"line":29,"column":2},"end":{"line":29,"column":3}},"loc":{"start":{"line":29,"column":15},"end":{"line":69,"column":3}},"line":29},"4":{"name":"(anonymous_4)","decl":{"start":{"line":74,"column":2},"end":{"line":74,"column":3}},"loc":{"start":{"line":74,"column":18},"end":{"line":76,"column":3}},"line":74},"5":{"name":"(anonymous_5)","decl":{"start":{"line":81,"column":2},"end":{"line":81,"column":3}},"loc":{"start":{"line":81,"column":17},"end":{"line":83,"column":3}},"line":81},"6":{"name":"(anonymous_6)","decl":{"start":{"line":88,"column":2},"end":{"line":88,"column":3}},"loc":{"start":{"line":88,"column":11},"end":{"line":90,"column":3}},"line":88}},"branchMap":{"0":{"loc":{"start":{"line":21,"column":4},"end":{"line":23,"column":5}},"type":"if","locations":[{"start":{"line":21,"column":4},"end":{"line":23,"column":5}},{"start":{},"end":{}}],"line":21},"1":{"loc":{"start":{"line":31,"column":12},"end":{"line":31,"column":50}},"type":"binary-expr","locations":[{"start":{"line":31,"column":12},"end":{"line":31,"column":42}},{"start":{"line":31,"column":46},"end":{"line":31,"column":50}}],"line":31},"2":{"loc":{"start":{"line":32,"column":11},"end":{"line":32,"column":48}},"type":"binary-expr","locations":[{"start":{"line":32,"column":11},"end":{"line":32,"column":31}},{"start":{"line":32,"column":35},"end":{"line":32,"column":48}}],"line":32},"3":{"loc":{"start":{"line":33,"column":18},"end":{"line":33,"column":48}},"type":"binary-expr","locations":[{"start":{"line":33,"column":18},"end":{"line":33,"column":41}},{"start":{"line":33,"column":45},"end":{"line":33,"column":48}}],"line":33},"4":{"loc":{"start":{"line":38,"column":20},"end":{"line":38,"column":60}},"type":"binary-expr","locations":[{"start":{"line":38,"column":20},"end":{"line":38,"column":45}},{"start":{"line":38,"column":49},"end":{"line":38,"column":60}}],"line":38},"5":{"loc":{"start":{"line":39,"column":16},"end":{"line":39,"column":62}},"type":"binary-expr","locations":[{"start":{"line":39,"column":16},"end":{"line":39,"column":37}},{"start":{"line":39,"column":41},"end":{"line":39,"column":62}}],"line":39},"6":{"loc":{"start":{"line":40,"column":19},"end":{"line":40,"column":65}},"type":"binary-expr","locations":[{"start":{"line":40,"column":19},"end":{"line":40,"column":58}},{"start":{"line":40,"column":62},"end":{"line":40,"column":65}}],"line":40},"7":{"loc":{"start":{"line":44,"column":17},"end":{"line":44,"column":53}},"type":"binary-expr","locations":[{"start":{"line":44,"column":17},"end":{"line":44,"column":39}},{"start":{"line":44,"column":43},"end":{"line":44,"column":53}}],"line":44},"8":{"loc":{"start":{"line":45,"column":15},"end":{"line":45,"column":76}},"type":"binary-expr","locations":[{"start":{"line":45,"column":15},"end":{"line":45,"column":56}},{"start":{"line":45,"column":60},"end":{"line":45,"column":76}}],"line":45},"9":{"loc":{"start":{"line":57,"column":17},"end":{"line":57,"column":64}},"type":"binary-expr","locations":[{"start":{"line":57,"column":17},"end":{"line":57,"column":59}},{"start":{"line":57,"column":63},"end":{"line":57,"column":64}}],"line":57},"10":{"loc":{"start":{"line":58,"column":22},"end":{"line":58,"column":70}},"type":"binary-expr","locations":[{"start":{"line":58,"column":22},"end":{"line":58,"column":64}},{"start":{"line":58,"column":68},"end":{"line":58,"column":70}}],"line":58},"11":{"loc":{"start":{"line":62,"column":17},"end":{"line":62,"column":53}},"type":"binary-expr","locations":[{"start":{"line":62,"column":17},"end":{"line":62,"column":39}},{"start":{"line":62,"column":43},"end":{"line":62,"column":53}}],"line":62},"12":{"loc":{"start":{"line":66,"column":13},"end":{"line":66,"column":44}},"type":"binary-expr","locations":[{"start":{"line":66,"column":13},"end":{"line":66,"column":34}},{"start":{"line":66,"column":38},"end":{"line":66,"column":44}}],"line":66},"13":{"loc":{"start":{"line":67,"column":14},"end":{"line":67,"column":46}},"type":"binary-expr","locations":[{"start":{"line":67,"column":14},"end":{"line":67,"column":36}},{"start":{"line":67,"column":40},"end":{"line":67,"column":46}}],"line":67}},"s":{"0":6,"1":6,"2":6,"3":6,"4":6,"5":6,"6":6,"7":0,"8":6,"9":6,"10":6,"11":6,"12":6,"13":6,"14":12,"15":0,"16":1,"17":6},"f":{"0":6,"1":6,"2":6,"3":6,"4":12,"5":0,"6":1},"b":{"0":[0,6],"1":[6,6],"2":[6,0],"3":[6,0],"4":[6,0],"5":[6,0],"6":[6,0],"7":[6,0],"8":[6,0],"9":[6,0],"10":[6,0],"11":[6,0],"12":[6,0],"13":[6,0]},"_coverageSchema":"1a1c01bbd47fc00a2c39e90264f33305004495a9","hash":"8a089f17bebd9ec5f9c2cdcb05710cdbdef0e1e6"}
,"C:\\Users\\Django\\CascadeProjects\\windsurf-project-2\\whisper-transcriber\\controllers\\transcriptionController.js": {"path":"C:\\Users\\Django\\CascadeProjects\\windsurf-project-2\\whisper-transcriber\\controllers\\transcriptionController.js","statementMap":{"0":{"start":{"line":1,"column":11},"end":{"line":1,"column":24}},"1":{"start":{"line":2,"column":15},"end":{"line":2,"column":41}},"2":{"start":{"line":3,"column":21},"end":{"line":3,"column":58}},"3":{"start":{"line":12,"column":4},"end":{"line":12,"column":25}},"4":{"start":{"line":13,"column":4},"end":{"line":13,"column":33}},"5":{"start":{"line":14,"column":4},"end":{"line":14,"column":37}},"6":{"start":{"line":15,"column":4},"end":{"line":15,"column":17}},"7":{"start":{"line":22,"column":4},"end":{"line":51,"column":5}},"8":{"start":{"line":23,"column":28},"end":{"line":26,"column":8}},"9":{"start":{"line":28,"column":6},"end":{"line":30,"column":9}},"10":{"start":{"line":33,"column":6},"end":{"line":35,"column":7}},"11":{"start":{"line":34,"column":8},"end":{"line":34,"column":33}},"12":{"start":{"line":37,"column":6},"end":{"line":37,"column":32}},"13":{"start":{"line":39,"column":6},"end":{"line":39,"column":54}},"14":{"start":{"line":42,"column":6},"end":{"line":48,"column":7}},"15":{"start":{"line":43,"column":8},"end":{"line":47,"column":9}},"16":{"start":{"line":44,"column":10},"end":{"line":44,"column":35}},"17":{"start":{"line":46,"column":10},"end":{"line":46,"column":63}},"18":{"start":{"line":50,"column":6},"end":{"line":50,"column":60}},"19":{"start":{"line":58,"column":4},"end":{"line":159,"column":5}},"20":{"start":{"line":59,"column":28},"end":{"line":62,"column":8}},"21":{"start":{"line":65,"column":6},"end":{"line":73,"column":7}},"22":{"start":{"line":66,"column":23},"end":{"line":66,"column":44}},"23":{"start":{"line":67,"column":8},"end":{"line":72,"column":9}},"24":{"start":{"line":68,"column":10},"end":{"line":71,"column":13}},"25":{"start":{"line":76,"column":6},"end":{"line":142,"column":7}},"26":{"start":{"line":77,"column":25},"end":{"line":80,"column":9}},"27":{"start":{"line":81,"column":8},"end":{"line":86,"column":9}},"28":{"start":{"line":82,"column":25},"end":{"line":82,"column":46}},"29":{"start":{"line":83,"column":10},"end":{"line":85,"column":11}},"30":{"start":{"line":84,"column":12},"end":{"line":84,"column":46}},"31":{"start":{"line":89,"column":31},"end":{"line":89,"column":68}},"32":{"start":{"line":90,"column":29},"end":{"line":93,"column":9}},"33":{"start":{"line":95,"column":8},"end":{"line":116,"column":9}},"34":{"start":{"line":96,"column":10},"end":{"line":115,"column":11}},"35":{"start":{"line":97,"column":27},"end":{"line":102,"column":14}},"36":{"start":{"line":104,"column":12},"end":{"line":114,"column":13}},"37":{"start":{"line":105,"column":29},"end":{"line":105,"column":50}},"38":{"start":{"line":106,"column":14},"end":{"line":113,"column":15}},"39":{"start":{"line":107,"column":16},"end":{"line":112,"column":19}},"40":{"start":{"line":119,"column":8},"end":{"line":138,"column":9}},"41":{"start":{"line":120,"column":10},"end":{"line":137,"column":11}},"42":{"start":{"line":121,"column":27},"end":{"line":126,"column":14}},"43":{"start":{"line":128,"column":12},"end":{"line":136,"column":13}},"44":{"start":{"line":129,"column":29},"end":{"line":129,"column":50}},"45":{"start":{"line":130,"column":14},"end":{"line":135,"column":15}},"46":{"start":{"line":131,"column":16},"end":{"line":134,"column":19}},"47":{"start":{"line":140,"column":8},"end":{"line":140,"column":60}},"48":{"start":{"line":145,"column":6},"end":{"line":147,"column":7}},"49":{"start":{"line":146,"column":8},"end":{"line":146,"column":33}},"50":{"start":{"line":149,"column":6},"end":{"line":149,"column":32}},"51":{"start":{"line":151,"column":6},"end":{"line":151,"column":54}},"52":{"start":{"line":152,"column":6},"end":{"line":157,"column":7}},"53":{"start":{"line":153,"column":23},"end":{"line":153,"column":44}},"54":{"start":{"line":154,"column":8},"end":{"line":156,"column":9}},"55":{"start":{"line":155,"column":10},"end":{"line":155,"column":72}},"56":{"start":{"line":158,"column":6},"end":{"line":158,"column":18}},"57":{"start":{"line":163,"column":0},"end":{"line":163,"column":41}}},"fnMap":{"0":{"name":"(anonymous_0)","decl":{"start":{"line":11,"column":2},"end":{"line":11,"column":3}},"loc":{"start":{"line":11,"column":52},"end":{"line":16,"column":3}},"line":11},"1":{"name":"(anonymous_1)","decl":{"start":{"line":21,"column":2},"end":{"line":21,"column":3}},"loc":{"start":{"line":21,"column":34},"end":{"line":52,"column":3}},"line":21},"2":{"name":"(anonymous_2)","decl":{"start":{"line":57,"column":2},"end":{"line":57,"column":3}},"loc":{"start":{"line":57,"column":51},"end":{"line":160,"column":3}},"line":57}},"branchMap":{"0":{"loc":{"start":{"line":33,"column":6},"end":{"line":35,"column":7}},"type":"if","locations":[{"start":{"line":33,"column":6},"end":{"line":35,"column":7}},{"start":{},"end":{}}],"line":33},"1":{"loc":{"start":{"line":42,"column":6},"end":{"line":48,"column":7}},"type":"if","locations":[{"start":{"line":42,"column":6},"end":{"line":48,"column":7}},{"start":{},"end":{}}],"line":42},"2":{"loc":{"start":{"line":65,"column":6},"end":{"line":73,"column":7}},"type":"if","locations":[{"start":{"line":65,"column":6},"end":{"line":73,"column":7}},{"start":{},"end":{}}],"line":65},"3":{"loc":{"start":{"line":65,"column":10},"end":{"line":65,"column":31}},"type":"binary-expr","locations":[{"start":{"line":65,"column":10},"end":{"line":65,"column":17}},{"start":{"line":65,"column":21},"end":{"line":65,"column":31}}],"line":65},"4":{"loc":{"start":{"line":67,"column":8},"end":{"line":72,"column":9}},"type":"if","locations":[{"start":{"line":67,"column":8},"end":{"line":72,"column":9}},{"start":{},"end":{}}],"line":67},"5":{"loc":{"start":{"line":67,"column":12},"end":{"line":67,"column":33}},"type":"binary-expr","locations":[{"start":{"line":67,"column":12},"end":{"line":67,"column":18}},{"start":{"line":67,"column":22},"end":{"line":67,"column":33}}],"line":67},"6":{"loc":{"start":{"line":81,"column":8},"end":{"line":86,"column":9}},"type":"if","locations":[{"start":{"line":81,"column":8},"end":{"line":86,"column":9}},{"start":{},"end":{}}],"line":81},"7":{"loc":{"start":{"line":81,"column":12},"end":{"line":81,"column":33}},"type":"binary-expr","locations":[{"start":{"line":81,"column":12},"end":{"line":81,"column":19}},{"start":{"line":81,"column":23},"end":{"line":81,"column":33}}],"line":81},"8":{"loc":{"start":{"line":83,"column":10},"end":{"line":85,"column":11}},"type":"if","locations":[{"start":{"line":83,"column":10},"end":{"line":85,"column":11}},{"start":{},"end":{}}],"line":83},"9":{"loc":{"start":{"line":83,"column":14},"end":{"line":83,"column":35}},"type":"binary-expr","locations":[{"start":{"line":83,"column":14},"end":{"line":83,"column":20}},{"start":{"line":83,"column":24},"end":{"line":83,"column":35}}],"line":83},"10":{"loc":{"start":{"line":95,"column":8},"end":{"line":116,"column":9}},"type":"if","locations":[{"start":{"line":95,"column":8},"end":{"line":116,"column":9}},{"start":{},"end":{}}],"line":95},"11":{"loc":{"start":{"line":95,"column":12},"end":{"line":95,"column":90}},"type":"binary-expr","locations":[{"start":{"line":95,"column":12},"end":{"line":95,"column":35}},{"start":{"line":95,"column":39},"end":{"line":95,"column":57}},{"start":{"line":95,"column":61},"end":{"line":95,"column":90}}],"line":95},"12":{"loc":{"start":{"line":104,"column":12},"end":{"line":114,"column":13}},"type":"if","locations":[{"start":{"line":104,"column":12},"end":{"line":114,"column":13}},{"start":{},"end":{}}],"line":104},"13":{"loc":{"start":{"line":104,"column":16},"end":{"line":104,"column":37}},"type":"binary-expr","locations":[{"start":{"line":104,"column":16},"end":{"line":104,"column":23}},{"start":{"line":104,"column":27},"end":{"line":104,"column":37}}],"line":104},"14":{"loc":{"start":{"line":106,"column":14},"end":{"line":113,"column":15}},"type":"if","locations":[{"start":{"line":106,"column":14},"end":{"line":113,"column":15}},{"start":{},"end":{}}],"line":106},"15":{"loc":{"start":{"line":106,"column":18},"end":{"line":106,"column":39}},"type":"binary-expr","locations":[{"start":{"line":106,"column":18},"end":{"line":106,"column":24}},{"start":{"line":106,"column":28},"end":{"line":106,"column":39}}],"line":106},"16":{"loc":{"start":{"line":119,"column":8},"end":{"line":138,"column":9}},"type":"if","locations":[{"start":{"line":119,"column":8},"end":{"line":138,"column":9}},{"start":{},"end":{}}],"line":119},"17":{"loc":{"start":{"line":119,"column":12},"end":{"line":119,"column":67}},"type":"binary-expr","locations":[{"start":{"line":119,"column":12},"end":{"line":119,"column":32}},{"start":{"line":119,"column":36},"end":{"line":119,"column":67}}],"line":119},"18":{"loc":{"start":{"line":128,"column":12},"end":{"line":136,"column":13}},"type":"if","locations":[{"start":{"line":128,"column":12},"end":{"line":136,"column":13}},{"start":{},"end":{}}],"line":128},"19":{"loc":{"start":{"line":128,"column":16},"end":{"line":128,"column":37}},"type":"binary-expr","locations":[{"start":{"line":128,"column":16},"end":{"line":128,"column":23}},{"start":{"line":128,"column":27},"end":{"line":128,"column":37}}],"line":128},"20":{"loc":{"start":{"line":130,"column":14},"end":{"line":135,"column":15}},"type":"if","locations":[{"start":{"line":130,"column":14},"end":{"line":135,"column":15}},{"start":{},"end":{}}],"line":130},"21":{"loc":{"start":{"line":130,"column":18},"end":{"line":130,"column":39}},"type":"binary-expr","locations":[{"start":{"line":130,"column":18},"end":{"line":130,"column":24}},{"start":{"line":130,"column":28},"end":{"line":130,"column":39}}],"line":130},"22":{"loc":{"start":{"line":145,"column":6},"end":{"line":147,"column":7}},"type":"if","locations":[{"start":{"line":145,"column":6},"end":{"line":147,"column":7}},{"start":{},"end":{}}],"line":145},"23":{"loc":{"start":{"line":152,"column":6},"end":{"line":157,"column":7}},"type":"if","locations":[{"start":{"line":152,"column":6},"end":{"line":157,"column":7}},{"start":{},"end":{}}],"line":152},"24":{"loc":{"start":{"line":152,"column":10},"end":{"line":152,"column":31}},"type":"binary-expr","locations":[{"start":{"line":152,"column":10},"end":{"line":152,"column":17}},{"start":{"line":152,"column":21},"end":{"line":152,"column":31}}],"line":152},"25":{"loc":{"start":{"line":154,"column":8},"end":{"line":156,"column":9}},"type":"if","locations":[{"start":{"line":154,"column":8},"end":{"line":156,"column":9}},{"start":{},"end":{}}],"line":154},"26":{"loc":{"start":{"line":154,"column":12},"end":{"line":154,"column":33}},"type":"binary-expr","locations":[{"start":{"line":154,"column":12},"end":{"line":154,"column":18}},{"start":{"line":154,"column":22},"end":{"line":154,"column":33}}],"line":154}},"s":{"0":1,"1":1,"2":1,"3":2,"4":2,"5":2,"6":2,"7":1,"8":1,"9":1,"10":1,"11":1,"12":1,"13":0,"14":0,"15":0,"16":0,"17":0,"18":0,"19":1,"20":1,"21":1,"22":1,"23":1,"24":1,"25":1,"26":1,"27":1,"28":1,"29":1,"30":1,"31":1,"32":1,"33":1,"34":0,"35":0,"36":0,"37":0,"38":0,"39":0,"40":1,"41":0,"42":0,"43":0,"44":0,"45":0,"46":0,"47":0,"48":1,"49":1,"50":1,"51":0,"52":0,"53":0,"54":0,"55":0,"56":0,"57":1},"f":{"0":2,"1":1,"2":1},"b":{"0":[1,0],"1":[0,0],"2":[1,0],"3":[1,1],"4":[1,0],"5":[1,1],"6":[1,0],"7":[1,1],"8":[1,0],"9":[1,1],"10":[0,1],"11":[1,0,0],"12":[0,0],"13":[0,0],"14":[0,0],"15":[0,0],"16":[0,1],"17":[1,1],"18":[0,0],"19":[0,0],"20":[0,0],"21":[0,0],"22":[1,0],"23":[0,0],"24":[0,0],"25":[0,0],"26":[0,0]},"_coverageSchema":"1a1c01bbd47fc00a2c39e90264f33305004495a9","hash":"ba408001dc9dc96e8fbc961392844db39bc662fd"}
,"C:\\Users\\Django\\CascadeProjects\\windsurf-project-2\\whisper-transcriber\\middleware\\errorHandler.js": {"path":"C:\\Users\\Django\\CascadeProjects\\windsurf-project-2\\whisper-transcriber\\middleware\\errorHandler.js","statementMap":{"0":{"start":{"line":1,"column":15},"end":{"line":1,"column":41}},"1":{"start":{"line":2,"column":15},"end":{"line":2,"column":35}},"2":{"start":{"line":10,"column":4},"end":{"line":10,"column":19}},"3":{"start":{"line":11,"column":4},"end":{"line":11,"column":33}},"4":{"start":{"line":12,"column":4},"end":{"line":12,"column":39}},"5":{"start":{"line":13,"column":4},"end":{"line":13,"column":46}},"6":{"start":{"line":14,"column":4},"end":{"line":14,"column":52}},"7":{"start":{"line":22,"column":14},"end":{"line":22,"column":17}},"8":{"start":{"line":25,"column":2},"end":{"line":29,"column":3}},"9":{"start":{"line":26,"column":23},"end":{"line":26,"column":44}},"10":{"start":{"line":27,"column":20},"end":{"line":27,"column":58}},"11":{"start":{"line":28,"column":4},"end":{"line":28,"column":53}},"12":{"start":{"line":32,"column":2},"end":{"line":38,"column":5}},"13":{"start":{"line":41,"column":19},"end":{"line":47,"column":3}},"14":{"start":{"line":50,"column":2},"end":{"line":52,"column":3}},"15":{"start":{"line":51,"column":4},"end":{"line":51,"column":39}},"16":{"start":{"line":54,"column":2},"end":{"line":54,"column":46}},"17":{"start":{"line":61,"column":16},"end":{"line":61,"column":72}},"18":{"start":{"line":62,"column":2},"end":{"line":62,"column":14}},"19":{"start":{"line":69,"column":2},"end":{"line":71,"column":4}},"20":{"start":{"line":70,"column":4},"end":{"line":70,"column":52}},"21":{"start":{"line":74,"column":0},"end":{"line":79,"column":2}}},"fnMap":{"0":{"name":"(anonymous_0)","decl":{"start":{"line":9,"column":2},"end":{"line":9,"column":3}},"loc":{"start":{"line":9,"column":63},"end":{"line":15,"column":3}},"line":9},"1":{"name":"errorHandler","decl":{"start":{"line":21,"column":9},"end":{"line":21,"column":21}},"loc":{"start":{"line":21,"column":43},"end":{"line":55,"column":1}},"line":21},"2":{"name":"notFoundHandler","decl":{"start":{"line":60,"column":9},"end":{"line":60,"column":24}},"loc":{"start":{"line":60,"column":41},"end":{"line":63,"column":1}},"line":60},"3":{"name":"asyncHandler","decl":{"start":{"line":68,"column":9},"end":{"line":68,"column":21}},"loc":{"start":{"line":68,"column":26},"end":{"line":72,"column":1}},"line":68},"4":{"name":"(anonymous_4)","decl":{"start":{"line":69,"column":9},"end":{"line":69,"column":10}},"loc":{"start":{"line":69,"column":29},"end":{"line":71,"column":3}},"line":69}},"branchMap":{"0":{"loc":{"start":{"line":9,"column":23},"end":{"line":9,"column":39}},"type":"default-arg","locations":[{"start":{"line":9,"column":36},"end":{"line":9,"column":39}}],"line":9},"1":{"loc":{"start":{"line":9,"column":41},"end":{"line":9,"column":61}},"type":"default-arg","locations":[{"start":{"line":9,"column":57},"end":{"line":9,"column":61}}],"line":9},"2":{"loc":{"start":{"line":25,"column":2},"end":{"line":29,"column":3}},"type":"if","locations":[{"start":{"line":25,"column":2},"end":{"line":29,"column":3}},{"start":{},"end":{}}],"line":25},"3":{"loc":{"start":{"line":26,"column":23},"end":{"line":26,"column":44}},"type":"binary-expr","locations":[{"start":{"line":26,"column":23},"end":{"line":26,"column":37}},{"start":{"line":26,"column":41},"end":{"line":26,"column":44}}],"line":26},"4":{"loc":{"start":{"line":27,"column":20},"end":{"line":27,"column":58}},"type":"binary-expr","locations":[{"start":{"line":27,"column":20},"end":{"line":27,"column":31}},{"start":{"line":27,"column":35},"end":{"line":27,"column":58}}],"line":27},"5":{"loc":{"start":{"line":35,"column":11},"end":{"line":35,"column":59}},"type":"cond-expr","locations":[{"start":{"line":35,"column":36},"end":{"line":35,"column":47}},{"start":{"line":35,"column":50},"end":{"line":35,"column":59}}],"line":35},"6":{"loc":{"start":{"line":50,"column":2},"end":{"line":52,"column":3}},"type":"if","locations":[{"start":{"line":50,"column":2},"end":{"line":52,"column":3}},{"start":{},"end":{}}],"line":50}},"s":{"0":4,"1":4,"2":5,"3":5,"4":5,"5":5,"6":5,"7":2,"8":2,"9":1,"10":1,"11":1,"12":2,"13":2,"14":2,"15":0,"16":2,"17":0,"18":0,"19":1,"20":1,"21":4},"f":{"0":5,"1":2,"2":0,"3":1,"4":1},"b":{"0":[0],"1":[4],"2":[1,1],"3":[1,1],"4":[1,0],"5":[0,2],"6":[0,2]},"_coverageSchema":"1a1c01bbd47fc00a2c39e90264f33305004495a9","hash":"889278f3926c3799458dcbe606d949fa66c65634"}
,"C:\\Users\\Django\\CascadeProjects\\windsurf-project-2\\whisper-transcriber\\middleware\\validation.js": {"path":"C:\\Users\\Django\\CascadeProjects\\windsurf-project-2\\whisper-transcriber\\middleware\\validation.js","statementMap":{"0":{"start":{"line":1,"column":15},"end":{"line":1,"column":35}},"1":{"start":{"line":2,"column":21},"end":{"line":2,"column":46}},"2":{"start":{"line":3,"column":11},"end":{"line":3,"column":24}},"3":{"start":{"line":13,"column":2},"end":{"line":15,"column":3}},"4":{"start":{"line":14,"column":4},"end":{"line":14,"column":61}},"5":{"start":{"line":17,"column":19},"end":{"line":17,"column":22}},"6":{"start":{"line":20,"column":2},"end":{"line":29,"column":3}},"7":{"start":{"line":22,"column":4},"end":{"line":24,"column":5}},"8":{"start":{"line":23,"column":6},"end":{"line":23,"column":31}},"9":{"start":{"line":25,"column":4},"end":{"line":28,"column":7}},"10":{"start":{"line":32,"column":2},"end":{"line":41,"column":3}},"11":{"start":{"line":34,"column":4},"end":{"line":36,"column":5}},"12":{"start":{"line":35,"column":6},"end":{"line":35,"column":31}},"13":{"start":{"line":37,"column":4},"end":{"line":40,"column":7}},"14":{"start":{"line":43,"column":2},"end":{"line":43,"column":9}},"15":{"start":{"line":50,"column":2},"end":{"line":61,"column":4}},"16":{"start":{"line":51,"column":20},"end":{"line":51,"column":60}},"17":{"start":{"line":51,"column":43},"end":{"line":51,"column":59}},"18":{"start":{"line":53,"column":4},"end":{"line":58,"column":5}},"19":{"start":{"line":54,"column":6},"end":{"line":57,"column":9}},"20":{"start":{"line":60,"column":4},"end":{"line":60,"column":11}},"21":{"start":{"line":68,"column":2},"end":{"line":70,"column":3}},"22":{"start":{"line":69,"column":4},"end":{"line":69,"column":16}},"23":{"start":{"line":73,"column":2},"end":{"line":77,"column":36}},"24":{"start":{"line":80,"column":0},"end":{"line":84,"column":2}}},"fnMap":{"0":{"name":"validateFileUpload","decl":{"start":{"line":12,"column":9},"end":{"line":12,"column":27}},"loc":{"start":{"line":12,"column":44},"end":{"line":44,"column":1}},"line":12},"1":{"name":"validateRequired","decl":{"start":{"line":49,"column":9},"end":{"line":49,"column":25}},"loc":{"start":{"line":49,"column":34},"end":{"line":62,"column":1}},"line":49},"2":{"name":"(anonymous_2)","decl":{"start":{"line":50,"column":9},"end":{"line":50,"column":10}},"loc":{"start":{"line":50,"column":29},"end":{"line":61,"column":3}},"line":50},"3":{"name":"(anonymous_3)","decl":{"start":{"line":51,"column":34},"end":{"line":51,"column":35}},"loc":{"start":{"line":51,"column":43},"end":{"line":51,"column":59}},"line":51},"4":{"name":"sanitizeFilename","decl":{"start":{"line":67,"column":9},"end":{"line":67,"column":25}},"loc":{"start":{"line":67,"column":36},"end":{"line":78,"column":1}},"line":67}},"branchMap":{"0":{"loc":{"start":{"line":13,"column":2},"end":{"line":15,"column":3}},"type":"if","locations":[{"start":{"line":13,"column":2},"end":{"line":15,"column":3}},{"start":{},"end":{}}],"line":13},"1":{"loc":{"start":{"line":20,"column":2},"end":{"line":29,"column":3}},"type":"if","locations":[{"start":{"line":20,"column":2},"end":{"line":29,"column":3}},{"start":{},"end":{}}],"line":20},"2":{"loc":{"start":{"line":22,"column":4},"end":{"line":24,"column":5}},"type":"if","locations":[{"start":{"line":22,"column":4},"end":{"line":24,"column":5}},{"start":{},"end":{}}],"line":22},"3":{"loc":{"start":{"line":32,"column":2},"end":{"line":41,"column":3}},"type":"if","locations":[{"start":{"line":32,"column":2},"end":{"line":41,"column":3}},{"start":{},"end":{}}],"line":32},"4":{"loc":{"start":{"line":34,"column":4},"end":{"line":36,"column":5}},"type":"if","locations":[{"start":{"line":34,"column":4},"end":{"line":36,"column":5}},{"start":{},"end":{}}],"line":34},"5":{"loc":{"start":{"line":53,"column":4},"end":{"line":58,"column":5}},"type":"if","locations":[{"start":{"line":53,"column":4},"end":{"line":58,"column":5}},{"start":{},"end":{}}],"line":53},"6":{"loc":{"start":{"line":68,"column":2},"end":{"line":70,"column":3}},"type":"if","locations":[{"start":{"line":68,"column":2},"end":{"line":70,"column":3}},{"start":{},"end":{}}],"line":68},"7":{"loc":{"start":{"line":73,"column":9},"end":{"line":77,"column":35}},"type":"binary-expr","locations":[{"start":{"line":73,"column":9},"end":{"line":77,"column":11}},{"start":{"line":77,"column":15},"end":{"line":77,"column":35}}],"line":73}},"s":{"0":2,"1":2,"2":2,"3":5,"4":1,"5":4,"6":4,"7":1,"8":1,"9":1,"10":3,"11":1,"12":1,"13":1,"14":2,"15":0,"16":0,"17":0,"18":0,"19":0,"20":0,"21":0,"22":0,"23":0,"24":2},"f":{"0":5,"1":0,"2":0,"3":0,"4":0},"b":{"0":[1,4],"1":[1,3],"2":[1,0],"3":[1,2],"4":[1,0],"5":[0,0],"6":[0,0],"7":[0,0]},"_coverageSchema":"1a1c01bbd47fc00a2c39e90264f33305004495a9","hash":"4d89752e5cdf872fbc8d51958638d3887b5457f3"}
,"C:\\Users\\Django\\CascadeProjects\\windsurf-project-2\\whisper-transcriber\\routes\\transcription.js": {"path":"C:\\Users\\Django\\CascadeProjects\\windsurf-project-2\\whisper-transcriber\\routes\\transcription.js","statementMap":{"0":{"start":{"line":1,"column":16},"end":{"line":1,"column":34}},"1":{"start":{"line":2,"column":15},"end":{"line":2,"column":31}},"2":{"start":{"line":3,"column":25},"end":{"line":3,"column":62}},"3":{"start":{"line":4,"column":31},"end":{"line":4,"column":66}},"4":{"start":{"line":5,"column":15},"end":{"line":5,"column":41}},"5":{"start":{"line":11,"column":0},"end":{"line":36,"column":2}},"6":{"start":{"line":16,"column":2},"end":{"line":33,"column":4}},"7":{"start":{"line":21,"column":6},"end":{"line":24,"column":9}},"8":{"start":{"line":26,"column":21},"end":{"line":26,"column":80}},"9":{"start":{"line":28,"column":6},"end":{"line":31,"column":9}},"10":{"start":{"line":35,"column":2},"end":{"line":35,"column":16}}},"fnMap":{"0":{"name":"(anonymous_0)","decl":{"start":{"line":11,"column":17},"end":{"line":11,"column":18}},"loc":{"start":{"line":11,"column":54},"end":{"line":36,"column":1}},"line":11},"1":{"name":"(anonymous_1)","decl":{"start":{"line":20,"column":17},"end":{"line":20,"column":18}},"loc":{"start":{"line":20,"column":37},"end":{"line":32,"column":5}},"line":20}},"branchMap":{},"s":{"0":1,"1":1,"2":1,"3":1,"4":1,"5":1,"6":1,"7":1,"8":1,"9":1,"10":1},"f":{"0":1,"1":1},"b":{},"_coverageSchema":"1a1c01bbd47fc00a2c39e90264f33305004495a9","hash":"6b99a35b76d236f1a87b8fb084359446264491bc"}
,"C:\\Users\\Django\\CascadeProjects\\windsurf-project-2\\whisper-transcriber\\utils\\logger.js": {"path":"C:\\Users\\Django\\CascadeProjects\\windsurf-project-2\\whisper-transcriber\\utils\\logger.js","statementMap":{"0":{"start":{"line":1,"column":15},"end":{"line":1,"column":35}},"1":{"start":{"line":10,"column":4},"end":{"line":15,"column":6}},"2":{"start":{"line":17,"column":4},"end":{"line":17,"column":78}},"3":{"start":{"line":18,"column":4},"end":{"line":24,"column":6}},"4":{"start":{"line":31,"column":22},"end":{"line":31,"column":46}},"5":{"start":{"line":32,"column":20},"end":{"line":37,"column":5}},"6":{"start":{"line":39,"column":4},"end":{"line":41,"column":5}},"7":{"start":{"line":40,"column":6},"end":{"line":40,"column":37}},"8":{"start":{"line":44,"column":20},"end":{"line":46,"column":10}},"9":{"start":{"line":48,"column":4},"end":{"line":48,"column":73}},"10":{"start":{"line":55,"column":4},"end":{"line":57,"column":5}},"11":{"start":{"line":56,"column":6},"end":{"line":56,"column":13}},"12":{"start":{"line":59,"column":29},"end":{"line":59,"column":62}},"13":{"start":{"line":61,"column":4},"end":{"line":65,"column":5}},"14":{"start":{"line":62,"column":6},"end":{"line":62,"column":82}},"15":{"start":{"line":64,"column":6},"end":{"line":64,"column":36}},"16":{"start":{"line":72,"column":4},"end":{"line":77,"column":5}},"17":{"start":{"line":73,"column":6},"end":{"line":76,"column":8}},"18":{"start":{"line":78,"column":4},"end":{"line":78,"column":37}},"19":{"start":{"line":85,"column":4},"end":{"line":85,"column":36}},"20":{"start":{"line":92,"column":4},"end":{"line":92,"column":36}},"21":{"start":{"line":99,"column":4},"end":{"line":99,"column":37}},"22":{"start":{"line":106,"column":4},"end":{"line":111,"column":6}},"23":{"start":{"line":107,"column":33},"end":{"line":107,"column":73}},"24":{"start":{"line":108,"column":32},"end":{"line":108,"column":71}},"25":{"start":{"line":109,"column":32},"end":{"line":109,"column":71}},"26":{"start":{"line":110,"column":33},"end":{"line":110,"column":73}},"27":{"start":{"line":116,"column":0},"end":{"line":116,"column":30}}},"fnMap":{"0":{"name":"(anonymous_0)","decl":{"start":{"line":9,"column":2},"end":{"line":9,"column":3}},"loc":{"start":{"line":9,"column":16},"end":{"line":25,"column":3}},"line":9},"1":{"name":"(anonymous_1)","decl":{"start":{"line":30,"column":2},"end":{"line":30,"column":3}},"loc":{"start":{"line":30,"column":36},"end":{"line":49,"column":3}},"line":30},"2":{"name":"(anonymous_2)","decl":{"start":{"line":54,"column":2},"end":{"line":54,"column":3}},"loc":{"start":{"line":54,"column":33},"end":{"line":66,"column":3}},"line":54},"3":{"name":"(anonymous_3)","decl":{"start":{"line":71,"column":2},"end":{"line":71,"column":3}},"loc":{"start":{"line":71,"column":28},"end":{"line":79,"column":3}},"line":71},"4":{"name":"(anonymous_4)","decl":{"start":{"line":84,"column":2},"end":{"line":84,"column":3}},"loc":{"start":{"line":84,"column":27},"end":{"line":86,"column":3}},"line":84},"5":{"name":"(anonymous_5)","decl":{"start":{"line":91,"column":2},"end":{"line":91,"column":3}},"loc":{"start":{"line":91,"column":27},"end":{"line":93,"column":3}},"line":91},"6":{"name":"(anonymous_6)","decl":{"start":{"line":98,"column":2},"end":{"line":98,"column":3}},"loc":{"start":{"line":98,"column":28},"end":{"line":100,"column":3}},"line":98},"7":{"name":"(anonymous_7)","decl":{"start":{"line":105,"column":2},"end":{"line":105,"column":3}},"loc":{"start":{"line":105,"column":17},"end":{"line":112,"column":3}},"line":105},"8":{"name":"(anonymous_8)","decl":{"start":{"line":107,"column":13},"end":{"line":107,"column":14}},"loc":{"start":{"line":107,"column":33},"end":{"line":107,"column":73}},"line":107},"9":{"name":"(anonymous_9)","decl":{"start":{"line":108,"column":12},"end":{"line":108,"column":13}},"loc":{"start":{"line":108,"column":32},"end":{"line":108,"column":71}},"line":108},"10":{"name":"(anonymous_10)","decl":{"start":{"line":109,"column":12},"end":{"line":109,"column":13}},"loc":{"start":{"line":109,"column":32},"end":{"line":109,"column":71}},"line":109},"11":{"name":"(anonymous_11)","decl":{"start":{"line":110,"column":13},"end":{"line":110,"column":14}},"loc":{"start":{"line":110,"column":33},"end":{"line":110,"column":73}},"line":110}},"branchMap":{"0":{"loc":{"start":{"line":17,"column":24},"end":{"line":17,"column":77}},"type":"binary-expr","locations":[{"start":{"line":17,"column":24},"end":{"line":17,"column":57}},{"start":{"line":17,"column":61},"end":{"line":17,"column":77}}],"line":17},"1":{"loc":{"start":{"line":30,"column":25},"end":{"line":30,"column":34}},"type":"default-arg","locations":[{"start":{"line":30,"column":32},"end":{"line":30,"column":34}}],"line":30},"2":{"loc":{"start":{"line":39,"column":4},"end":{"line":41,"column":5}},"type":"if","locations":[{"start":{"line":39,"column":4},"end":{"line":41,"column":5}},{"start":{},"end":{}}],"line":39},"3":{"loc":{"start":{"line":44,"column":20},"end":{"line":46,"column":10}},"type":"cond-expr","locations":[{"start":{"line":45,"column":8},"end":{"line":45,"column":44}},{"start":{"line":46,"column":8},"end":{"line":46,"column":10}}],"line":44},"4":{"loc":{"start":{"line":54,"column":22},"end":{"line":54,"column":31}},"type":"default-arg","locations":[{"start":{"line":54,"column":29},"end":{"line":54,"column":31}}],"line":54},"5":{"loc":{"start":{"line":55,"column":4},"end":{"line":57,"column":5}},"type":"if","locations":[{"start":{"line":55,"column":4},"end":{"line":57,"column":5}},{"start":{},"end":{}}],"line":55},"6":{"loc":{"start":{"line":61,"column":4},"end":{"line":65,"column":5}},"type":"if","locations":[{"start":{"line":61,"column":4},"end":{"line":65,"column":5}},{"start":{"line":63,"column":11},"end":{"line":65,"column":5}}],"line":61},"7":{"loc":{"start":{"line":61,"column":8},"end":{"line":61,"column":54}},"type":"binary-expr","locations":[{"start":{"line":61,"column":8},"end":{"line":61,"column":30}},{"start":{"line":61,"column":34},"end":{"line":61,"column":54}}],"line":61},"8":{"loc":{"start":{"line":71,"column":17},"end":{"line":71,"column":26}},"type":"default-arg","locations":[{"start":{"line":71,"column":24},"end":{"line":71,"column":26}}],"line":71},"9":{"loc":{"start":{"line":72,"column":4},"end":{"line":77,"column":5}},"type":"if","locations":[{"start":{"line":72,"column":4},"end":{"line":77,"column":5}},{"start":{},"end":{}}],"line":72},"10":{"loc":{"start":{"line":84,"column":16},"end":{"line":84,"column":25}},"type":"default-arg","locations":[{"start":{"line":84,"column":23},"end":{"line":84,"column":25}}],"line":84},"11":{"loc":{"start":{"line":91,"column":16},"end":{"line":91,"column":25}},"type":"default-arg","locations":[{"start":{"line":91,"column":23},"end":{"line":91,"column":25}}],"line":91},"12":{"loc":{"start":{"line":98,"column":17},"end":{"line":98,"column":26}},"type":"default-arg","locations":[{"start":{"line":98,"column":24},"end":{"line":98,"column":26}}],"line":98},"13":{"loc":{"start":{"line":107,"column":19},"end":{"line":107,"column":28}},"type":"default-arg","locations":[{"start":{"line":107,"column":26},"end":{"line":107,"column":28}}],"line":107},"14":{"loc":{"start":{"line":108,"column":18},"end":{"line":108,"column":27}},"type":"default-arg","locations":[{"start":{"line":108,"column":25},"end":{"line":108,"column":27}}],"line":108},"15":{"loc":{"start":{"line":109,"column":18},"end":{"line":109,"column":27}},"type":"default-arg","locations":[{"start":{"line":109,"column":25},"end":{"line":109,"column":27}}],"line":109},"16":{"loc":{"start":{"line":110,"column":19},"end":{"line":110,"column":28}},"type":"default-arg","locations":[{"start":{"line":110,"column":26},"end":{"line":110,"column":28}}],"line":110}},"s":{"0":5,"1":5,"2":5,"3":5,"4":8,"5":8,"6":8,"7":8,"8":0,"9":0,"10":9,"11":1,"12":8,"13":8,"14":0,"15":8,"16":3,"17":0,"18":3,"19":1,"20":4,"21":1,"22":1,"23":0,"24":0,"25":1,"26":0,"27":5},"f":{"0":5,"1":8,"2":9,"3":3,"4":1,"5":4,"6":1,"7":1,"8":0,"9":0,"10":1,"11":0},"b":{"0":[5,5],"1":[0],"2":[8,0],"3":[0,0],"4":[0],"5":[1,8],"6":[0,8],"7":[8,0],"8":[1],"9":[0,3],"10":[1],"11":[1],"12":[1],"13":[0],"14":[0],"15":[0],"16":[0]},"_coverageSchema":"1a1c01bbd47fc00a2c39e90264f33305004495a9","hash":"3ed1cb40883c0749bd5e5a0d44f09630323ef1fb"}
}
