TN:
SF:config\index.js
FN:9,(anonymous_0)
FN:17,(anonymous_1)
FN:19,(anonymous_2)
FN:29,(anonymous_3)
FN:74,(anonymous_4)
FN:81,(anonymous_5)
FN:88,(anonymous_6)
FNF:7
FNH:6
FNDA:6,(anonymous_0)
FNDA:6,(anonymous_1)
FNDA:6,(anonymous_2)
FNDA:6,(anonymous_3)
FNDA:12,(anonymous_4)
FNDA:0,(anonymous_5)
FNDA:1,(anonymous_6)
DA:1,6
DA:10,6
DA:11,6
DA:18,6
DA:19,6
DA:21,6
DA:22,0
DA:30,6
DA:36,6
DA:43,6
DA:56,6
DA:61,6
DA:65,6
DA:75,12
DA:82,0
DA:89,1
DA:94,6
LF:17
LH:15
BRDA:21,0,0,0
BRDA:21,0,1,6
BRDA:31,1,0,6
BRDA:31,1,1,6
BRDA:32,2,0,6
BRDA:32,2,1,0
BRDA:33,3,0,6
BRDA:33,3,1,0
BRDA:38,4,0,6
BRDA:38,4,1,0
BRDA:39,5,0,6
BRDA:39,5,1,0
BRDA:40,6,0,6
BRDA:40,6,1,0
BRDA:44,7,0,6
BRDA:44,7,1,0
BRDA:45,8,0,6
BRDA:45,8,1,0
BRDA:57,9,0,6
BRDA:57,9,1,0
BRDA:58,10,0,6
BRDA:58,10,1,0
BRDA:62,11,0,6
BRDA:62,11,1,0
BRDA:66,12,0,6
BRDA:66,12,1,0
BRDA:67,13,0,6
BRDA:67,13,1,0
BRF:28
BRH:15
end_of_record
TN:
SF:controllers\transcriptionController.js
FN:11,(anonymous_0)
FN:21,(anonymous_1)
FN:57,(anonymous_2)
FNF:3
FNH:3
FNDA:2,(anonymous_0)
FNDA:1,(anonymous_1)
FNDA:1,(anonymous_2)
DA:1,1
DA:2,1
DA:3,1
DA:12,2
DA:13,2
DA:14,2
DA:15,2
DA:22,1
DA:23,1
DA:28,1
DA:33,1
DA:34,1
DA:37,1
DA:39,0
DA:42,0
DA:43,0
DA:44,0
DA:46,0
DA:50,0
DA:58,1
DA:59,1
DA:65,1
DA:66,1
DA:67,1
DA:68,1
DA:76,1
DA:77,1
DA:81,1
DA:82,1
DA:83,1
DA:84,1
DA:89,1
DA:90,1
DA:95,1
DA:96,0
DA:97,0
DA:104,0
DA:105,0
DA:106,0
DA:107,0
DA:119,1
DA:120,0
DA:121,0
DA:128,0
DA:129,0
DA:130,0
DA:131,0
DA:140,0
DA:145,1
DA:146,1
DA:149,1
DA:151,0
DA:152,0
DA:153,0
DA:154,0
DA:155,0
DA:158,0
DA:163,1
LF:58
LH:33
BRDA:33,0,0,1
BRDA:33,0,1,0
BRDA:42,1,0,0
BRDA:42,1,1,0
BRDA:65,2,0,1
BRDA:65,2,1,0
BRDA:65,3,0,1
BRDA:65,3,1,1
BRDA:67,4,0,1
BRDA:67,4,1,0
BRDA:67,5,0,1
BRDA:67,5,1,1
BRDA:81,6,0,1
BRDA:81,6,1,0
BRDA:81,7,0,1
BRDA:81,7,1,1
BRDA:83,8,0,1
BRDA:83,8,1,0
BRDA:83,9,0,1
BRDA:83,9,1,1
BRDA:95,10,0,0
BRDA:95,10,1,1
BRDA:95,11,0,1
BRDA:95,11,1,0
BRDA:95,11,2,0
BRDA:104,12,0,0
BRDA:104,12,1,0
BRDA:104,13,0,0
BRDA:104,13,1,0
BRDA:106,14,0,0
BRDA:106,14,1,0
BRDA:106,15,0,0
BRDA:106,15,1,0
BRDA:119,16,0,0
BRDA:119,16,1,1
BRDA:119,17,0,1
BRDA:119,17,1,1
BRDA:128,18,0,0
BRDA:128,18,1,0
BRDA:128,19,0,0
BRDA:128,19,1,0
BRDA:130,20,0,0
BRDA:130,20,1,0
BRDA:130,21,0,0
BRDA:130,21,1,0
BRDA:145,22,0,1
BRDA:145,22,1,0
BRDA:152,23,0,0
BRDA:152,23,1,0
BRDA:152,24,0,0
BRDA:152,24,1,0
BRDA:154,25,0,0
BRDA:154,25,1,0
BRDA:154,26,0,0
BRDA:154,26,1,0
BRF:55
BRH:19
end_of_record
TN:
SF:middleware\errorHandler.js
FN:9,(anonymous_0)
FN:21,errorHandler
FN:60,notFoundHandler
FN:68,asyncHandler
FN:69,(anonymous_4)
FNF:5
FNH:4
FNDA:5,(anonymous_0)
FNDA:2,errorHandler
FNDA:0,notFoundHandler
FNDA:1,asyncHandler
FNDA:1,(anonymous_4)
DA:1,4
DA:2,4
DA:10,5
DA:11,5
DA:12,5
DA:13,5
DA:14,5
DA:22,2
DA:25,2
DA:26,1
DA:27,1
DA:28,1
DA:32,2
DA:41,2
DA:50,2
DA:51,0
DA:54,2
DA:61,0
DA:62,0
DA:69,1
DA:70,1
DA:74,4
LF:22
LH:19
BRDA:9,0,0,0
BRDA:9,1,0,4
BRDA:25,2,0,1
BRDA:25,2,1,1
BRDA:26,3,0,1
BRDA:26,3,1,1
BRDA:27,4,0,1
BRDA:27,4,1,0
BRDA:35,5,0,0
BRDA:35,5,1,2
BRDA:50,6,0,0
BRDA:50,6,1,2
BRF:12
BRH:8
end_of_record
TN:
SF:middleware\validation.js
FN:12,validateFileUpload
FN:49,validateRequired
FN:50,(anonymous_2)
FN:51,(anonymous_3)
FN:67,sanitizeFilename
FNF:5
FNH:1
FNDA:5,validateFileUpload
FNDA:0,validateRequired
FNDA:0,(anonymous_2)
FNDA:0,(anonymous_3)
FNDA:0,sanitizeFilename
DA:1,2
DA:2,2
DA:3,2
DA:13,5
DA:14,1
DA:17,4
DA:20,4
DA:22,1
DA:23,1
DA:25,1
DA:32,3
DA:34,1
DA:35,1
DA:37,1
DA:43,2
DA:50,0
DA:51,0
DA:53,0
DA:54,0
DA:60,0
DA:68,0
DA:69,0
DA:73,0
DA:80,2
LF:24
LH:16
BRDA:13,0,0,1
BRDA:13,0,1,4
BRDA:20,1,0,1
BRDA:20,1,1,3
BRDA:22,2,0,1
BRDA:22,2,1,0
BRDA:32,3,0,1
BRDA:32,3,1,2
BRDA:34,4,0,1
BRDA:34,4,1,0
BRDA:53,5,0,0
BRDA:53,5,1,0
BRDA:68,6,0,0
BRDA:68,6,1,0
BRDA:73,7,0,0
BRDA:73,7,1,0
BRF:16
BRH:8
end_of_record
TN:
SF:routes\transcription.js
FN:11,(anonymous_0)
FN:20,(anonymous_1)
FNF:2
FNH:2
FNDA:1,(anonymous_0)
FNDA:1,(anonymous_1)
DA:1,1
DA:2,1
DA:3,1
DA:4,1
DA:5,1
DA:11,1
DA:16,1
DA:21,1
DA:26,1
DA:28,1
DA:35,1
LF:11
LH:11
BRF:0
BRH:0
end_of_record
TN:
SF:utils\logger.js
FN:9,(anonymous_0)
FN:30,(anonymous_1)
FN:54,(anonymous_2)
FN:71,(anonymous_3)
FN:84,(anonymous_4)
FN:91,(anonymous_5)
FN:98,(anonymous_6)
FN:105,(anonymous_7)
FN:107,(anonymous_8)
FN:108,(anonymous_9)
FN:109,(anonymous_10)
FN:110,(anonymous_11)
FNF:12
FNH:9
FNDA:5,(anonymous_0)
FNDA:8,(anonymous_1)
FNDA:9,(anonymous_2)
FNDA:3,(anonymous_3)
FNDA:1,(anonymous_4)
FNDA:4,(anonymous_5)
FNDA:1,(anonymous_6)
FNDA:1,(anonymous_7)
FNDA:0,(anonymous_8)
FNDA:0,(anonymous_9)
FNDA:1,(anonymous_10)
FNDA:0,(anonymous_11)
DA:1,5
DA:10,5
DA:17,5
DA:18,5
DA:31,8
DA:32,8
DA:39,8
DA:40,8
DA:44,0
DA:48,0
DA:55,9
DA:56,1
DA:59,8
DA:61,8
DA:62,0
DA:64,8
DA:72,3
DA:73,0
DA:78,3
DA:85,1
DA:92,4
DA:99,1
DA:106,1
DA:107,0
DA:108,0
DA:109,1
DA:110,0
DA:116,5
LF:28
LH:21
BRDA:17,0,0,5
BRDA:17,0,1,5
BRDA:30,1,0,0
BRDA:39,2,0,8
BRDA:39,2,1,0
BRDA:44,3,0,0
BRDA:44,3,1,0
BRDA:54,4,0,0
BRDA:55,5,0,1
BRDA:55,5,1,8
BRDA:61,6,0,0
BRDA:61,6,1,8
BRDA:61,7,0,8
BRDA:61,7,1,0
BRDA:71,8,0,1
BRDA:72,9,0,0
BRDA:72,9,1,3
BRDA:84,10,0,1
BRDA:91,11,0,1
BRDA:98,12,0,1
BRDA:107,13,0,0
BRDA:108,14,0,0
BRDA:109,15,0,0
BRDA:110,16,0,0
BRF:24
BRH:12
end_of_record
